<?xml version="1.0" encoding="UTF-8" ?>
<testsuites>
  <testsuite errors="0" failures="0" hostname="decaf.local" id="0" name="LameSecurityFiltersTests" package="" tests="1" time="0.02" timestamp="2009-03-23T01:46:10">
      <properties />

      <testcase classname="LameSecurityFiltersTests" name="testSomething" time="0.02" />

      <system-out><![CDATA[--Output from testSomething--
]]></system-out>

      <system-err><![CDATA[--Output from testSomething--
]]></system-err>

  </testsuite>
  <testsuite errors="0" failures="0" hostname="decaf.local" id="1" name="ImageControllerTests" package="com.grailsinaction" tests="1" time="0.131" timestamp="2009-03-23T01:46:09">
      <properties />

      <testcase classname="com.grailsinaction.ImageControllerTests" name="testSomething" time="0.13" />

      <system-out><![CDATA[--Output from testSomething--
]]></system-out>

      <system-err><![CDATA[--Output from testSomething--
]]></system-err>

  </testsuite>
  <testsuite errors="0" failures="0" hostname="decaf.local" id="2" name="PostControllerTests" package="com.grailsinaction" tests="1" time="0.0050" timestamp="2009-03-23T01:46:09">
      <properties />

      <testcase classname="com.grailsinaction.PostControllerTests" name="testSomething" time="0.0050" />

      <system-out><![CDATA[--Output from testSomething--
]]></system-out>

      <system-err><![CDATA[--Output from testSomething--
]]></system-err>

  </testsuite>
  <testsuite errors="0" failures="0" hostname="decaf.local" id="3" name="PostIntegrationTests" package="com.grailsinaction" tests="3" time="1.701" timestamp="2009-03-23T01:46:28">
      <properties />

      <testcase classname="com.grailsinaction.PostIntegrationTests" name="testFirstPost" time="1.584" />

      <testcase classname="com.grailsinaction.PostIntegrationTests" name="testAccessingPosts" time="0.02" />

      <testcase classname="com.grailsinaction.PostIntegrationTests" name="testPostWithTags" time="0.014" />

      <system-out><![CDATA[--Output from testFirstPost--
--Output from testAccessingPosts--
--Output from testPostWithTags--
]]></system-out>

      <system-err><![CDATA[--Output from testFirstPost--
--Output from testAccessingPosts--
--Output from testPostWithTags--
]]></system-err>

  </testsuite>
  <testsuite errors="0" failures="0" hostname="decaf.local" id="4" name="PostServiceTests" package="com.grailsinaction" tests="1" time="0.0040" timestamp="2009-03-23T01:46:09">
      <properties />

      <testcase classname="com.grailsinaction.PostServiceTests" name="testSomething" time="0.0040" />

      <system-out><![CDATA[--Output from testSomething--
]]></system-out>

      <system-err><![CDATA[--Output from testSomething--
]]></system-err>

  </testsuite>
  <testsuite errors="0" failures="0" hostname="decaf.local" id="5" name="PostTests" package="com.grailsinaction" tests="1" time="0.0080" timestamp="2009-03-23T01:46:09">
      <properties />

      <testcase classname="com.grailsinaction.PostTests" name="testSomething" time="0.0080" />

      <system-out><![CDATA[--Output from testSomething--
]]></system-out>

      <system-err><![CDATA[--Output from testSomething--
]]></system-err>

  </testsuite>
  <testsuite errors="0" failures="0" hostname="decaf.local" id="6" name="ProfileControllerTests" package="com.grailsinaction" tests="1" time="0.022" timestamp="2009-03-23T01:46:10">
      <properties />

      <testcase classname="com.grailsinaction.ProfileControllerTests" name="testSomething" time="0.0090" />

      <system-out><![CDATA[--Output from testSomething--
]]></system-out>

      <system-err><![CDATA[--Output from testSomething--
]]></system-err>

  </testsuite>
  <testsuite errors="0" failures="0" hostname="decaf.local" id="7" name="ProfileTests" package="com.grailsinaction" tests="1" time="0.0070" timestamp="2009-03-23T01:46:10">
      <properties />

      <testcase classname="com.grailsinaction.ProfileTests" name="testSomething" time="0.0060" />

      <system-out><![CDATA[--Output from testSomething--
]]></system-out>

      <system-err><![CDATA[--Output from testSomething--
]]></system-err>

  </testsuite>
  <testsuite errors="0" failures="0" hostname="decaf.local" id="8" name="QueryIntegrationTests" package="com.grailsinaction" tests="2" time="0.181" timestamp="2009-03-23T01:46:30">
      <properties />

      <testcase classname="com.grailsinaction.QueryIntegrationTests" name="testBasicDynamicFinders" time="0.128" />

      <testcase classname="com.grailsinaction.QueryIntegrationTests" name="testQueryByExample" time="0.036" />

      <system-out><![CDATA[--Output from testBasicDynamicFinders--
--Output from testQueryByExample--
]]></system-out>

      <system-err><![CDATA[--Output from testBasicDynamicFinders--
--Output from testQueryByExample--
]]></system-err>

  </testsuite>
  <testsuite errors="0" failures="0" hostname="decaf.local" id="9" name="TagControllerTests" package="com.grailsinaction" tests="1" time="0.027" timestamp="2009-03-23T01:46:10">
      <properties />

      <testcase classname="com.grailsinaction.TagControllerTests" name="testSomething" time="0.027" />

      <system-out><![CDATA[--Output from testSomething--
]]></system-out>

      <system-err><![CDATA[--Output from testSomething--
]]></system-err>

  </testsuite>
  <testsuite errors="0" failures="0" hostname="decaf.local" id="10" name="TagTests" package="com.grailsinaction" tests="1" time="0.0080" timestamp="2009-03-23T01:46:10">
      <properties />

      <testcase classname="com.grailsinaction.TagTests" name="testSomething" time="0.0070" />

      <system-out><![CDATA[--Output from testSomething--
]]></system-out>

      <system-err><![CDATA[--Output from testSomething--
]]></system-err>

  </testsuite>
  <testsuite errors="0" failures="0" hostname="decaf.local" id="11" name="UserControllerTests" package="com.grailsinaction" tests="1" time="0.0080" timestamp="2009-03-23T01:46:10">
      <properties />

      <testcase classname="com.grailsinaction.UserControllerTests" name="testSomething" time="0.0080" />

      <system-out><![CDATA[--Output from testSomething--
]]></system-out>

      <system-err><![CDATA[--Output from testSomething--
]]></system-err>

  </testsuite>
  <testsuite errors="0" failures="0" hostname="decaf.local" id="12" name="UserIntegrationTests" package="com.grailsinaction" tests="6" time="0.291" timestamp="2009-03-23T01:46:30">
      <properties />

      <testcase classname="com.grailsinaction.UserIntegrationTests" name="testFirstSaveEver" time="0.013" />

      <testcase classname="com.grailsinaction.UserIntegrationTests" name="testSaveAndUpdate" time="0.021" />

      <testcase classname="com.grailsinaction.UserIntegrationTests" name="testSaveThenDelete" time="0.033" />

      <testcase classname="com.grailsinaction.UserIntegrationTests" name="testEvilSave" time="0.086" />

      <testcase classname="com.grailsinaction.UserIntegrationTests" name="testEvilSaveCorrected" time="0.06" />

      <testcase classname="com.grailsinaction.UserIntegrationTests" name="testFollowing" time="0.033" />

      <system-out><![CDATA[--Output from testFirstSaveEver--
--Output from testSaveAndUpdate--
--Output from testSaveThenDelete--
--Output from testEvilSave--
--Output from testEvilSaveCorrected--
--Output from testFollowing--
]]></system-out>

      <system-err><![CDATA[--Output from testFirstSaveEver--
--Output from testSaveAndUpdate--
--Output from testSaveThenDelete--
--Output from testEvilSave--
--Output from testEvilSaveCorrected--
--Output from testFollowing--
]]></system-err>

  </testsuite>
  <testsuite errors="0" failures="0" hostname="decaf.local" id="13" name="UserTests" package="com.grailsinaction" tests="1" time="0.037" timestamp="2009-03-23T01:46:10">
      <properties />

      <testcase classname="com.grailsinaction.UserTests" name="testSomething" time="0.0070" />

      <system-out><![CDATA[--Output from testSomething--
]]></system-out>

      <system-err><![CDATA[--Output from testSomething--
]]></system-err>

  </testsuite>
</testsuites>
