<?xml version="1.0" encoding="UTF-8" ?>
<testsuites>
  <testsuite errors="0" failures="0" hostname="decaf.local" id="0" name="UserTests" package="" tests="7" time="2.327" timestamp="2008-09-14T07:21:56">
      <properties />

      <testcase classname="UserTests" name="testFirstSaveEver" time="1.178" />

      <testcase classname="UserTests" name="testSaveAndUpdate" time="0.06" />

      <testcase classname="UserTests" name="testSaveThenDelete" time="0.089" />

      <testcase classname="UserTests" name="testManyPosts" time="0.03" />

      <testcase classname="UserTests" name="testPostWithTags" time="0.413" />

      <testcase classname="UserTests" name="testBasicDynamicFinders" time="0.182" />

      <testcase classname="UserTests" name="testQueryByExample" time="0.054" />

      <system-out><![CDATA[--Output from testFirstSaveEver--
--Output from testSaveAndUpdate--
--Output from testSaveThenDelete--
--Output from testManyPosts--
--Output from testPostWithTags--
Tag : null - ["class":class Tag, "metaClass":groovy.lang.ExpandoMetaClass@481af6[class Tag], "log":org.apache.commons.logging.impl.Log4JLogger@4bd2e5, "id":null, "version":null, "name":"groovy", "belongsTo":[class User, class Post], "constraints":["user":org.codehaus.groovy.grails.validation.ConstrainedProperty@63118a[class Tag,user,class User,{nullable=org.codehaus.groovy.grails.validation.NullableConstraint@329ae0[false]}], "posts":org.codehaus.groovy.grails.validation.ConstrainedProperty@14997b[class Tag,posts,interface java.util.Set,{nullable=org.codehaus.groovy.grails.validation.NullableConstraint@55fbb7[true]}], "name":org.codehaus.groovy.grails.validation.ConstrainedProperty@688e15[class Tag,name,class java.lang.String,{nullable=org.codehaus.groovy.grails.validation.NullableConstraint@ce6d[false]}]], "user":User : 5, "hasMany":["posts":class Post], "posts":[], "userId":5, "errors":org.springframework.validation.BeanPropertyBindingResult: 0 errors] - posts
Tag : null - ["class":class Tag, "metaClass":groovy.lang.ExpandoMetaClass@481af6[class Tag], "log":org.apache.commons.logging.impl.Log4JLogger@4bd2e5, "name":"grails", "id":null, "version":null, "errors":org.springframework.validation.BeanPropertyBindingResult: 0 errors, "belongsTo":[class User, class Post], "constraints":["user":org.codehaus.groovy.grails.validation.ConstrainedProperty@63118a[class Tag,user,class User,{nullable=org.codehaus.groovy.grails.validation.NullableConstraint@329ae0[false]}], "posts":org.codehaus.groovy.grails.validation.ConstrainedProperty@14997b[class Tag,posts,interface java.util.Set,{nullable=org.codehaus.groovy.grails.validation.NullableConstraint@55fbb7[true]}], "name":org.codehaus.groovy.grails.validation.ConstrainedProperty@688e15[class Tag,name,class java.lang.String,{nullable=org.codehaus.groovy.grails.validation.NullableConstraint@ce6d[false]}]], "user":User : 5, "hasMany":["posts":class Post], "posts":[], "userId":5] - posts
--Output from testBasicDynamicFinders--
--Output from testQueryByExample--
]]></system-out>

      <system-err><![CDATA[--Output from testFirstSaveEver--
--Output from testSaveAndUpdate--
--Output from testSaveThenDelete--
--Output from testManyPosts--
--Output from testPostWithTags--
--Output from testBasicDynamicFinders--
--Output from testQueryByExample--
]]></system-err>

  </testsuite>
</testsuites>
