<?xml version="1.0" encoding="UTF-8" ?>
<testsuites>
  <testsuite errors="0" failures="0" hostname="decaf.local" id="0" name="PostIntegrationTests" package="com.grailsinaction" tests="3" time="1.374" timestamp="2009-03-23T01:36:41">
      <properties />

      <testcase classname="com.grailsinaction.PostIntegrationTests" name="testFirstPost" time="1.038" />

      <testcase classname="com.grailsinaction.PostIntegrationTests" name="testAccessingPosts" time="0.03" />

      <testcase classname="com.grailsinaction.PostIntegrationTests" name="testPostWithTags" time="0.016" />

      <system-out><![CDATA[--Output from testFirstPost--
--Output from testAccessingPosts--
--Output from testPostWithTags--
]]></system-out>

      <system-err><![CDATA[--Output from testFirstPost--
--Output from testAccessingPosts--
--Output from testPostWithTags--
]]></system-err>

  </testsuite>
  <testsuite errors="0" failures="0" hostname="decaf.local" id="1" name="PostTests" package="com.grailsinaction" tests="1" time="0.212" timestamp="2009-03-23T01:36:21">
      <properties />

      <testcase classname="com.grailsinaction.PostTests" name="testSomething" time="0.2" />

      <system-out><![CDATA[--Output from testSomething--
]]></system-out>

      <system-err><![CDATA[--Output from testSomething--
]]></system-err>

  </testsuite>
  <testsuite errors="0" failures="0" hostname="decaf.local" id="2" name="ProfileTests" package="com.grailsinaction" tests="1" time="0.0060" timestamp="2009-03-23T01:36:22">
      <properties />

      <testcase classname="com.grailsinaction.ProfileTests" name="testSomething" time="0.0060" />

      <system-out><![CDATA[--Output from testSomething--
]]></system-out>

      <system-err><![CDATA[--Output from testSomething--
]]></system-err>

  </testsuite>
  <testsuite errors="0" failures="0" hostname="decaf.local" id="3" name="TagTests" package="com.grailsinaction" tests="1" time="0.0080" timestamp="2009-03-23T01:36:22">
      <properties />

      <testcase classname="com.grailsinaction.TagTests" name="testSomething" time="0.0080" />

      <system-out><![CDATA[--Output from testSomething--
]]></system-out>

      <system-err><![CDATA[--Output from testSomething--
]]></system-err>

  </testsuite>
  <testsuite errors="0" failures="0" hostname="decaf.local" id="4" name="UserControllerTests" package="com.grailsinaction" tests="1" time="0.013" timestamp="2009-03-23T01:36:22">
      <properties />

      <testcase classname="com.grailsinaction.UserControllerTests" name="testSomething" time="0.013" />

      <system-out><![CDATA[--Output from testSomething--
]]></system-out>

      <system-err><![CDATA[--Output from testSomething--
]]></system-err>

  </testsuite>
  <testsuite errors="0" failures="0" hostname="decaf.local" id="5" name="UserIntegrationTests" package="com.grailsinaction" tests="6" time="0.352" timestamp="2009-03-23T01:36:42">
      <properties />

      <testcase classname="com.grailsinaction.UserIntegrationTests" name="testFirstSaveEver" time="0.025" />

      <testcase classname="com.grailsinaction.UserIntegrationTests" name="testSaveAndUpdate" time="0.012" />

      <testcase classname="com.grailsinaction.UserIntegrationTests" name="testSaveThenDelete" time="0.107" />

      <testcase classname="com.grailsinaction.UserIntegrationTests" name="testEvilSave" time="0.109" />

      <testcase classname="com.grailsinaction.UserIntegrationTests" name="testEvilSaveCorrected" time="0.016" />

      <testcase classname="com.grailsinaction.UserIntegrationTests" name="testFollowing" time="0.028" />

      <system-out><![CDATA[--Output from testFirstSaveEver--
--Output from testSaveAndUpdate--
--Output from testSaveThenDelete--
--Output from testEvilSave--
--Output from testEvilSaveCorrected--
--Output from testFollowing--
]]></system-out>

      <system-err><![CDATA[--Output from testFirstSaveEver--
--Output from testSaveAndUpdate--
--Output from testSaveThenDelete--
--Output from testEvilSave--
--Output from testEvilSaveCorrected--
--Output from testFollowing--
]]></system-err>

  </testsuite>
  <testsuite errors="0" failures="0" hostname="decaf.local" id="6" name="UserTests" package="com.grailsinaction" tests="1" time="0.0050" timestamp="2009-03-23T01:36:22">
      <properties />

      <testcase classname="com.grailsinaction.UserTests" name="testSomething" time="0.0050" />

      <system-out><![CDATA[--Output from testSomething--
]]></system-out>

      <system-err><![CDATA[--Output from testSomething--
]]></system-err>

  </testsuite>
</testsuites>
