<?xml version="1.0" encoding="UTF-8" ?>
<testsuites>
  <testsuite errors="0" failures="0" hostname="redwood" id="0" name="MyControllerTests" package="" tests="2" time="4.236" timestamp="2009-05-19T13:09:12">
      <properties />

      <testcase classname="MyControllerTests" name="testShowNoItems" time="3.266" />

      <testcase classname="MyControllerTests" name="testShow" time="0.658" />

      <system-out><![CDATA[--Output from testShowNoItems--
--Output from testShow--
]]></system-out>

      <system-err><![CDATA[--Output from testShowNoItems--
--Output from testShow--
]]></system-err>

  </testsuite>
  <testsuite errors="0" failures="0" hostname="redwood" id="1" name="MyControllerUnitTests" package="" tests="2" time="3.089" timestamp="2009-05-19T13:08:40">
      <properties />

      <testcase classname="MyControllerUnitTests" name="testShowNoItems" time="2.9" />

      <testcase classname="MyControllerUnitTests" name="testShow" time="0.186" />

      <system-out><![CDATA[--Output from testShowNoItems--
--Output from testShow--
]]></system-out>

      <system-err><![CDATA[--Output from testShowNoItems--
--Output from testShow--
]]></system-err>

  </testsuite>
</testsuites>
